# JRE version: Java(TM) SE Runtime Environment (8.0_77-b03) (build 1.8.0_77-b03)
# Java VM: Java HotSpot(TM) 64-Bit Server VM (25.77-b03 mixed mode bsd-amd64 compressed oops)
Heap:
 PSYoungGen      total 97792K, used 20912K [0x0000000795580000, 0x000000079e180000, 0x00000007c0000000)
  eden space 92672K, 17% used [0x0000000795580000,0x00000007964edff8,0x000000079b000000)
  from space 5120K, 99% used [0x000000079dc80000,0x000000079e17e088,0x000000079e180000)
  to   space 5120K, 0% used [0x000000079d780000,0x000000079d780000,0x000000079dc80000)
 ParOldGen       total 65536K, used 15325K [0x0000000740000000, 0x0000000744000000, 0x0000000795580000)
  object space 65536K, 23% used [0x0000000740000000,0x0000000740ef75a0,0x0000000744000000)
 Metaspace       used 31849K, capacity 32186K, committed 32560K, reserved 1077248K
  class space    used 4241K, capacity 4320K, committed 4400K, reserved 1048576K
GC Heap History (10 events):
Event: 0,754 GC heap before
{Heap before GC invocations=1 (full 0):
 PSYoungGen      total 38400K, used 33280K [0x0000000795580000, 0x0000000798000000, 0x00000007c0000000)
  eden space 33280K, 100% used [0x0000000795580000,0x0000000797600000,0x0000000797600000)
  from space 5120K, 0% used [0x0000000797b00000,0x0000000797b00000,0x0000000798000000)
  to   space 5120K, 0% used [0x0000000797600000,0x0000000797600000,0x0000000797b00000)
 ParOldGen       total 87552K, used 0K [0x0000000740000000, 0x0000000745580000, 0x0000000795580000)
  object space 87552K, 0% used [0x0000000740000000,0x0000000740000000,0x0000000745580000)
 Metaspace       used 12263K, capacity 12388K, committed 12544K, reserved 1060864K
  class space    used 1517K, capacity 1527K, committed 1536K, reserved 1048576K
Event: 0,763 GC heap after
Heap after GC invocations=1 (full 0):
 PSYoungGen      total 38400K, used 5119K [0x0000000795580000, 0x000000079a080000, 0x00000007c0000000)
  eden space 33280K, 0% used [0x0000000795580000,0x0000000795580000,0x0000000797600000)
  from space 5120K, 99% used [0x0000000797600000,0x0000000797affd60,0x0000000797b00000)
  to   space 5120K, 0% used [0x0000000799b80000,0x0000000799b80000,0x000000079a080000)
 ParOldGen       total 87552K, used 2701K [0x0000000740000000, 0x0000000745580000, 0x0000000795580000)
  object space 87552K, 3% used [0x0000000740000000,0x00000007402a3488,0x0000000745580000)
 Metaspace       used 12263K, capacity 12388K, committed 12544K, reserved 1060864K
  class space    used 1517K, capacity 1527K, committed 1536K, reserved 1048576K
}
Event: 1,344 GC heap before
{Heap before GC invocations=2 (full 0):
 PSYoungGen      total 38400K, used 38399K [0x0000000795580000, 0x000000079a080000, 0x00000007c0000000)
  eden space 33280K, 100% used [0x0000000795580000,0x0000000797600000,0x0000000797600000)
  from space 5120K, 99% used [0x0000000797600000,0x0000000797affd60,0x0000000797b00000)
  to   space 5120K, 0% used [0x0000000799b80000,0x0000000799b80000,0x000000079a080000)
 ParOldGen       total 87552K, used 2701K [0x0000000740000000, 0x0000000745580000, 0x0000000795580000)
  object space 87552K, 3% used [0x0000000740000000,0x00000007402a3488,0x0000000745580000)
 Metaspace       used 16223K, capacity 16436K, committed 16768K, reserved 1064960K
  class space    used 2027K, capacity 2063K, committed 2176K, reserved 1048576K
Event: 1,356 GC heap after
Heap after GC invocations=2 (full 0):
 PSYoungGen      total 71680K, used 5104K [0x0000000795580000, 0x000000079a080000, 0x00000007c0000000)
  eden space 66560K, 0% used [0x0000000795580000,0x0000000795580000,0x0000000799680000)
  from space 5120K, 99% used [0x0000000799b80000,0x000000079a07c010,0x000000079a080000)
  to   space 5120K, 0% used [0x0000000799680000,0x0000000799680000,0x0000000799b80000)
 ParOldGen       total 87552K, used 5446K [0x0000000740000000, 0x0000000745580000, 0x0000000795580000)
  object space 87552K, 6% used [0x0000000740000000,0x0000000740551b48,0x0000000745580000)
 Metaspace       used 16223K, capacity 16436K, committed 16768K, reserved 1064960K
  class space    used 2027K, capacity 2063K, committed 2176K, reserved 1048576K
}
Event: 1,751 GC heap before
{Heap before GC invocations=3 (full 0):
 PSYoungGen      total 71680K, used 26929K [0x0000000795580000, 0x000000079a080000, 0x00000007c0000000)
  eden space 66560K, 32% used [0x0000000795580000,0x0000000796ad0748,0x0000000799680000)
  from space 5120K, 99% used [0x0000000799b80000,0x000000079a07c010,0x000000079a080000)
  to   space 5120K, 0% used [0x0000000799680000,0x0000000799680000,0x0000000799b80000)
 ParOldGen       total 87552K, used 5446K [0x0000000740000000, 0x0000000745580000, 0x0000000795580000)
  object space 87552K, 6% used [0x0000000740000000,0x0000000740551b48,0x0000000745580000)
 Metaspace       used 21025K, capacity 21242K, committed 21296K, reserved 1067008K
  class space    used 2769K, capacity 2832K, committed 2864K, reserved 1048576K
Event: 1,766 GC heap after
Heap after GC invocations=3 (full 0):
 PSYoungGen      total 71680K, used 5104K [0x0000000795580000, 0x000000079e180000, 0x00000007c0000000)
  eden space 66560K, 0% used [0x0000000795580000,0x0000000795580000,0x0000000799680000)
  from space 5120K, 99% used [0x0000000799680000,0x0000000799b7c040,0x0000000799b80000)
  to   space 5120K, 0% used [0x000000079dc80000,0x000000079dc80000,0x000000079e180000)
 ParOldGen       total 87552K, used 9693K [0x0000000740000000, 0x0000000745580000, 0x0000000795580000)
  object space 87552K, 11% used [0x0000000740000000,0x0000000740977550,0x0000000745580000)
 Metaspace       used 21025K, capacity 21242K, committed 21296K, reserved 1067008K
  class space    used 2769K, capacity 2832K, committed 2864K, reserved 1048576K
}
Event: 1,766 GC heap before
{Heap before GC invocations=4 (full 1):
 PSYoungGen      total 71680K, used 5104K [0x0000000795580000, 0x000000079e180000, 0x00000007c0000000)
  eden space 66560K, 0% used [0x0000000795580000,0x0000000795580000,0x0000000799680000)
  from space 5120K, 99% used [0x0000000799680000,0x0000000799b7c040,0x0000000799b80000)
  to   space 5120K, 0% used [0x000000079dc80000,0x000000079dc80000,0x000000079e180000)
 ParOldGen       total 87552K, used 9693K [0x0000000740000000, 0x0000000745580000, 0x0000000795580000)
  object space 87552K, 11% used [0x0000000740000000,0x0000000740977550,0x0000000745580000)
 Metaspace       used 21025K, capacity 21242K, committed 21296K, reserved 1067008K
  class space    used 2769K, capacity 2832K, committed 2864K, reserved 1048576K
Event: 1,815 GC heap after
Heap after GC invocations=4 (full 1):
 PSYoungGen      total 71680K, used 0K [0x0000000795580000, 0x000000079e180000, 0x00000007c0000000)
  eden space 66560K, 0% used [0x0000000795580000,0x0000000795580000,0x0000000799680000)
  from space 5120K, 0% used [0x0000000799680000,0x0000000799680000,0x0000000799b80000)
  to   space 5120K, 0% used [0x000000079dc80000,0x000000079dc80000,0x000000079e180000)
 ParOldGen       total 65536K, used 9141K [0x0000000740000000, 0x0000000744000000, 0x0000000795580000)
  object space 65536K, 13% used [0x0000000740000000,0x00000007408ed520,0x0000000744000000)
 Metaspace       used 21025K, capacity 21242K, committed 21296K, reserved 1067008K
  class space    used 2769K, capacity 2832K, committed 2864K, reserved 1048576K
}
Event: 8,861 GC heap before
{Heap before GC invocations=5 (full 1):
 PSYoungGen      total 71680K, used 66560K [0x0000000795580000, 0x000000079e180000, 0x00000007c0000000)
  eden space 66560K, 100% used [0x0000000795580000,0x0000000799680000,0x0000000799680000)
  from space 5120K, 0% used [0x0000000799680000,0x0000000799680000,0x0000000799b80000)
  to   space 5120K, 0% used [0x000000079dc80000,0x000000079dc80000,0x000000079e180000)
 ParOldGen       total 65536K, used 9141K [0x0000000740000000, 0x0000000744000000, 0x0000000795580000)
  object space 65536K, 13% used [0x0000000740000000,0x00000007408ed520,0x0000000744000000)
 Metaspace       used 30636K, capacity 30938K, committed 31152K, reserved 1077248K
  class space    used 4083K, capacity 4160K, committed 4272K, reserved 1048576K
Event: 8,882 GC heap after
Heap after GC invocations=5 (full 1):
 PSYoungGen      total 97792K, used 5112K [0x0000000795580000, 0x000000079e180000, 0x00000007c0000000)
  eden space 92672K, 0% used [0x0000000795580000,0x0000000795580000,0x000000079b000000)
  from space 5120K, 99% used [0x000000079dc80000,0x000000079e17e088,0x000000079e180000)
  to   space 5120K, 0% used [0x000000079d780000,0x000000079d780000,0x000000079dc80000)
 ParOldGen       total 65536K, used 15325K [0x0000000740000000, 0x0000000744000000, 0x0000000795580000)
  object space 65536K, 23% used [0x0000000740000000,0x0000000740ef75a0,0x0000000744000000)
 Metaspace       used 30636K, capacity 30938K, committed 31152K, reserved 1077248K
  class space    used 4083K, capacity 4160K, committed 4272K, reserved 1048576K
}

